[debug] [2018-04-10T03:58:08.470Z] ----------------------------------------------------------------------
[debug] [2018-04-10T03:58:08.473Z] Command:       /usr/local/bin/node /usr/local/bin/firebase deploy
[debug] [2018-04-10T03:58:08.473Z] CLI Version:   3.17.4
[debug] [2018-04-10T03:58:08.473Z] Platform:      darwin
[debug] [2018-04-10T03:58:08.473Z] Node Version:  v6.9.1
[debug] [2018-04-10T03:58:08.474Z] Time:          Mon Apr 09 2018 23:58:08 GMT-0400 (EDT)
[debug] [2018-04-10T03:58:08.474Z] ----------------------------------------------------------------------
[debug] 
[debug] [2018-04-10T03:58:08.491Z] > command requires scopes: ["email","openid","https://www.googleapis.com/auth/cloudplatformprojects.readonly","https://www.googleapis.com/auth/firebase","https://www.googleapis.com/auth/cloud-platform"]
[debug] [2018-04-10T03:58:08.492Z] > authorizing via signed-in user
[debug] [2018-04-10T03:58:08.495Z] >>> HTTP REQUEST GET https://admin.firebase.com/v1/projects/flowheap-app  
  
 Mon Apr 09 2018 23:58:08 GMT-0400 (EDT)
[debug] [2018-04-10T03:58:08.843Z] <<< HTTP RESPONSE 200
[debug] [2018-04-10T03:58:08.844Z] >>> HTTP REQUEST GET https://admin.firebase.com/v1/database/flowheap-app/tokens  
  
 Mon Apr 09 2018 23:58:08 GMT-0400 (EDT)
[debug] [2018-04-10T03:58:09.162Z] <<< HTTP RESPONSE 200
[info] 
[info] === Deploying to 'flowheap-app'...
[info] 
[info] i  deploying database, functions, hosting
[info] Running command: npm --prefix $RESOURCE_DIR run lint
[info] ✔  functions: Finished running predeploy script.
[info] i  database: checking rules syntax...
[debug] [2018-04-10T03:58:11.272Z] >>> HTTP REQUEST PUT https://flowheap-app.firebaseio.com/.settings/rules.json?dryRun=true  
 {
  "rules": {
    ".read": true,
    ".write": true
  }
}
 
 Mon Apr 09 2018 23:58:11 GMT-0400 (EDT)
[debug] [2018-04-10T03:58:12.122Z] <<< HTTP RESPONSE 200
[info] ✔  database: rules syntax for database flowheap-app is valid
[debug] [2018-04-10T03:58:12.125Z] > [functions] package.json contents: {
  "name": "functions",
  "description": "Cloud Functions for Firebase",
  "scripts": {
    "lint": "./node_modules/.bin/eslint .",
    "serve": "firebase serve --only functions",
    "shell": "firebase experimental:functions:shell",
    "start": "npm run shell",
    "deploy": "firebase deploy --only functions",
    "logs": "firebase functions:log"
  },
  "dependencies": {
    "contractions": "0.0.7",
    "eslint-plugin-async-await": "0.0.0",
    "firebase-admin": "~5.8.1",
    "firebase-functions": "^0.8.1",
    "lemmer": "^0.3.0",
    "natural": "^0.5.6",
    "pos": "^0.4.2",
    "sbd": "^1.0.12",
    "scrape-it": "^5.0.2",
    "unirest": "^0.5.1"
  },
  "devDependencies": {
    "eslint": "^4.12.0",
    "eslint-plugin-promise": "^3.6.0"
  },
  "private": true
}
[info] i  functions: ensuring necessary APIs are enabled...
[debug] [2018-04-10T03:58:12.127Z] >>> HTTP REQUEST GET https://servicemanagement.googleapis.com/v1/services/cloudfunctions.googleapis.com/projectSettings/flowheap-app?view=CONSUMER_VIEW  
  
 Mon Apr 09 2018 23:58:12 GMT-0400 (EDT)
[debug] [2018-04-10T03:58:12.128Z] >>> HTTP REQUEST GET https://servicemanagement.googleapis.com/v1/services/runtimeconfig.googleapis.com/projectSettings/flowheap-app?view=CONSUMER_VIEW  
  
 Mon Apr 09 2018 23:58:12 GMT-0400 (EDT)
[debug] [2018-04-10T03:58:12.764Z] <<< HTTP RESPONSE 200
[debug] [2018-04-10T03:58:12.776Z] <<< HTTP RESPONSE 200
[info] ✔  functions: all necessary APIs are enabled
[debug] [2018-04-10T03:58:12.778Z] >>> HTTP REQUEST GET https://appengine.googleapis.com/v1/apps/flowheap-app  
  
 Mon Apr 09 2018 23:58:12 GMT-0400 (EDT)
[debug] [2018-04-10T03:58:12.778Z] >>> HTTP REQUEST GET https://apikeys.googleapis.com/v1/projects/flowheap-app/apiKeys  
  
 Mon Apr 09 2018 23:58:12 GMT-0400 (EDT)
[debug] [2018-04-10T03:58:13.028Z] <<< HTTP RESPONSE 200
[debug] [2018-04-10T03:58:13.210Z] <<< HTTP RESPONSE 200
[info] i  functions: preparing functions directory for uploading...
